<?xml version="1.0" encoding="UTF-8"?>
<!-- Generated by org.testng.reporters.JUnitReportReporter -->
<testsuite skipped="0" hostname="Rishav-PC" name="com.hashtag_assignement.test.HashTagTest" tests="1" failures="0" timestamp="2023-07-17T12:24:16 IST" time="9.758" errors="0">
  <testcase name="openLink" time="9.758" classname="com.hashtag_assignement.test.HashTagTest"/>
  <system-out/>
</testsuite> <!-- com.hashtag_assignement.test.HashTagTest -->
