<?xml version="1.0" encoding="UTF-8"?>
<!-- Generated by org.testng.reporters.JUnitReportReporter -->
<testsuite skipped="0" hostname="Rishav-PC" name="com.hashtag_assignement.test.OpenLink" tests="1" failures="0" timestamp="2023-07-17T11:00:28 IST" time="10.692" errors="0">
  <testcase name="openLink" time="10.692" classname="com.hashtag_assignement.test.OpenLink"/>
  <system-out/>
</testsuite> <!-- com.hashtag_assignement.test.OpenLink -->
